# JRE version: 7.0_07-b11
# Java VM: Java HotSpot(TM) 64-Bit Server VM (23.3-b01 mixed mode windows-amd64 compressed oops)
Heap
 PSYoungGen      total 264192K, used 30787K [0x00000007d5c00000, 0x00000007e6ac0000, 0x0000000800000000)
  eden space 256320K, 8% used [0x00000007d5c00000,0x00000007d7260fe8,0x00000007e5650000)
  from space 7872K, 100% used [0x00000007e5fb0000,0x00000007e6760000,0x00000007e6760000)
  to   space 9600K, 0% used [0x00000007e5650000,0x00000007e5650000,0x00000007e5fb0000)
 ParOldGen       total 86528K, used 5930K [0x0000000781400000, 0x0000000786880000, 0x00000007d5c00000)
  object space 86528K, 6% used [0x0000000781400000,0x00000007819ca808,0x0000000786880000)
 PSPermGen       total 27008K, used 26960K [0x000000077c200000, 0x000000077dc60000, 0x0000000781400000)
  object space 27008K, 99% used [0x000000077c200000,0x000000077dc54160,0x000000077dc60000)
GC Heap History (10 events):
Event: 1.466 GC heap before
{Heap before GC invocations=4 (full 0):
 PSYoungGen      total 37888K, used 37868K [0x00000007d5c00000, 0x00000007da600000, 0x0000000800000000)
  eden space 32512K, 100% used [0x00000007d5c00000,0x00000007d7bc0000,0x00000007d7bc0000)
  from space 5376K, 99% used [0x00000007d7bc0000,0x00000007d80fb200,0x00000007d8100000)
  to   space 5376K, 0% used [0x00000007da0c0000,0x00000007da0c0000,0x00000007da600000)
 ParOldGen       total 86528K, used 502K [0x0000000781400000, 0x0000000786880000, 0x00000007d5c00000)
  object space 86528K, 0% used [0x0000000781400000,0x000000078147dbf0,0x0000000786880000)
 PSPermGen       total 22016K, used 21992K [0x000000077c200000, 0x000000077d780000, 0x0000000781400000)
  object space 22016K, 99% used [0x000000077c200000,0x000000077d77a0f0,0x000000077d780000)
Event: 1.472 GC heap after
Heap after GC invocations=4 (full 0):
 PSYoungGen      total 70400K, used 4863K [0x00000007d5c00000, 0x00000007da600000, 0x0000000800000000)
  eden space 65024K, 0% used [0x00000007d5c00000,0x00000007d5c00000,0x00000007d9b80000)
  from space 5376K, 90% used [0x00000007da0c0000,0x00000007da57fda0,0x00000007da600000)
  to   space 5376K, 0% used [0x00000007d9b80000,0x00000007d9b80000,0x00000007da0c0000)
 ParOldGen       total 86528K, used 502K [0x0000000781400000, 0x0000000786880000, 0x00000007d5c00000)
  object space 86528K, 0% used [0x0000000781400000,0x000000078147dbf0,0x0000000786880000)
 PSPermGen       total 22016K, used 21992K [0x000000077c200000, 0x000000077d780000, 0x0000000781400000)
  object space 22016K, 99% used [0x000000077c200000,0x000000077d77a0f0,0x000000077d780000)
}
Event: 1.741 GC heap before
{Heap before GC invocations=5 (full 0):
 PSYoungGen      total 70400K, used 69887K [0x00000007d5c00000, 0x00000007da600000, 0x0000000800000000)
  eden space 65024K, 100% used [0x00000007d5c00000,0x00000007d9b80000,0x00000007d9b80000)
  from space 5376K, 90% used [0x00000007da0c0000,0x00000007da57fda0,0x00000007da600000)
  to   space 5376K, 0% used [0x00000007d9b80000,0x00000007d9b80000,0x00000007da0c0000)
 ParOldGen       total 86528K, used 502K [0x0000000781400000, 0x0000000786880000, 0x00000007d5c00000)
  object space 86528K, 0% used [0x0000000781400000,0x000000078147dbf0,0x0000000786880000)
 PSPermGen       total 22592K, used 22461K [0x000000077c200000, 0x000000077d810000, 0x0000000781400000)
  object space 22592K, 99% used [0x000000077c200000,0x000000077d7ef708,0x000000077d810000)
Event: 1.747 GC heap after
Heap after GC invocations=5 (full 0):
 PSYoungGen      total 70400K, used 5344K [0x00000007d5c00000, 0x00000007de7e0000, 0x0000000800000000)
  eden space 65024K, 0% used [0x00000007d5c00000,0x00000007d5c00000,0x00000007d9b80000)
  from space 5376K, 99% used [0x00000007d9b80000,0x00000007da0b8070,0x00000007da0c0000)
  to   space 6592K, 0% used [0x00000007de170000,0x00000007de170000,0x00000007de7e0000)
 ParOldGen       total 86528K, used 804K [0x0000000781400000, 0x0000000786880000, 0x00000007d5c00000)
  object space 86528K, 0% used [0x0000000781400000,0x00000007814c9308,0x0000000786880000)
 PSPermGen       total 22592K, used 22461K [0x000000077c200000, 0x000000077d810000, 0x0000000781400000)
  object space 22592K, 99% used [0x000000077c200000,0x000000077d7ef708,0x000000077d810000)
}
Event: 1.990 GC heap before
{Heap before GC invocations=6 (full 0):
 PSYoungGen      total 70400K, used 70368K [0x00000007d5c00000, 0x00000007de7e0000, 0x0000000800000000)
  eden space 65024K, 100% used [0x00000007d5c00000,0x00000007d9b80000,0x00000007d9b80000)
  from space 5376K, 99% used [0x00000007d9b80000,0x00000007da0b8070,0x00000007da0c0000)
  to   space 6592K, 0% used [0x00000007de170000,0x00000007de170000,0x00000007de7e0000)
 ParOldGen       total 86528K, used 804K [0x0000000781400000, 0x0000000786880000, 0x00000007d5c00000)
  object space 86528K, 0% used [0x0000000781400000,0x00000007814c9308,0x0000000786880000)
 PSPermGen       total 22784K, used 22719K [0x000000077c200000, 0x000000077d840000, 0x0000000781400000)
  object space 22784K, 99% used [0x000000077c200000,0x000000077d82fca0,0x000000077d840000)
Event: 1.999 GC heap after
Heap after GC invocations=6 (full 0):
 PSYoungGen      total 135616K, used 6560K [0x00000007d5c00000, 0x00000007de9e0000, 0x0000000800000000)
  eden space 129024K, 0% used [0x00000007d5c00000,0x00000007d5c00000,0x00000007dda00000)
  from space 6592K, 99% used [0x00000007de170000,0x00000007de7d8070,0x00000007de7e0000)
  to   space 7616K, 0% used [0x00000007dda00000,0x00000007dda00000,0x00000007de170000)
 ParOldGen       total 86528K, used 1472K [0x0000000781400000, 0x0000000786880000, 0x00000007d5c00000)
  object space 86528K, 1% used [0x0000000781400000,0x0000000781570390,0x0000000786880000)
 PSPermGen       total 22784K, used 22719K [0x000000077c200000, 0x000000077d840000, 0x0000000781400000)
  object space 22784K, 99% used [0x000000077c200000,0x000000077d82fca0,0x000000077d840000)
}
Event: 2.355 GC heap before
{Heap before GC invocations=7 (full 0):
 PSYoungGen      total 135616K, used 135584K [0x00000007d5c00000, 0x00000007de9e0000, 0x0000000800000000)
  eden space 129024K, 100% used [0x00000007d5c00000,0x00000007dda00000,0x00000007dda00000)
  from space 6592K, 99% used [0x00000007de170000,0x00000007de7d8070,0x00000007de7e0000)
  to   space 7616K, 0% used [0x00000007dda00000,0x00000007dda00000,0x00000007de170000)
 ParOldGen       total 86528K, used 1472K [0x0000000781400000, 0x0000000786880000, 0x00000007d5c00000)
  object space 86528K, 1% used [0x0000000781400000,0x0000000781570390,0x0000000786880000)
 PSPermGen       total 23168K, used 23100K [0x000000077c200000, 0x000000077d8a0000, 0x0000000781400000)
  object space 23168K, 99% used [0x000000077c200000,0x000000077d88f0c0,0x000000077d8a0000)
Event: 2.363 GC heap after
Heap after GC invocations=7 (full 0):
 PSYoungGen      total 136640K, used 6528K [0x00000007d5c00000, 0x00000007e6760000, 0x0000000800000000)
  eden space 129024K, 0% used [0x00000007d5c00000,0x00000007d5c00000,0x00000007dda00000)
  from space 7616K, 85% used [0x00000007dda00000,0x00000007de060000,0x00000007de170000)
  to   space 7872K, 0% used [0x00000007e5fb0000,0x00000007e5fb0000,0x00000007e6760000)
 ParOldGen       total 86528K, used 3720K [0x0000000781400000, 0x0000000786880000, 0x00000007d5c00000)
  object space 86528K, 4% used [0x0000000781400000,0x00000007817a20c8,0x0000000786880000)
 PSPermGen       total 23168K, used 23100K [0x000000077c200000, 0x000000077d8a0000, 0x0000000781400000)
  object space 23168K, 99% used [0x000000077c200000,0x000000077d88f0c0,0x000000077d8a0000)
}
Event: 2.902 GC heap before
{Heap before GC invocations=8 (full 0):
 PSYoungGen      total 136640K, used 135552K [0x00000007d5c00000, 0x00000007e6760000, 0x0000000800000000)
  eden space 129024K, 100% used [0x00000007d5c00000,0x00000007dda00000,0x00000007dda00000)
  from space 7616K, 85% used [0x00000007dda00000,0x00000007de060000,0x00000007de170000)
  to   space 7872K, 0% used [0x00000007e5fb0000,0x00000007e5fb0000,0x00000007e6760000)
 ParOldGen       total 86528K, used 3720K [0x0000000781400000, 0x0000000786880000, 0x00000007d5c00000)
  object space 86528K, 4% used [0x0000000781400000,0x00000007817a20c8,0x0000000786880000)
 PSPermGen       total 25856K, used 25749K [0x000000077c200000, 0x000000077db40000, 0x0000000781400000)
  object space 25856K, 99% used [0x000000077c200000,0x000000077db25500,0x000000077db40000)
Event: 2.909 GC heap after
Heap after GC invocations=8 (full 0):
 PSYoungGen      total 264192K, used 7872K [0x00000007d5c00000, 0x00000007e6ac0000, 0x0000000800000000)
  eden space 256320K, 0% used [0x00000007d5c00000,0x00000007d5c00000,0x00000007e5650000)
  from space 7872K, 100% used [0x00000007e5fb0000,0x00000007e6760000,0x00000007e6760000)
  to   space 9600K, 0% used [0x00000007e5650000,0x00000007e5650000,0x00000007e5fb0000)
 ParOldGen       total 86528K, used 5930K [0x0000000781400000, 0x0000000786880000, 0x00000007d5c00000)
  object space 86528K, 6% used [0x0000000781400000,0x00000007819ca808,0x0000000786880000)
 PSPermGen       total 25856K, used 25749K [0x000000077c200000, 0x000000077db40000, 0x0000000781400000)
  object space 25856K, 99% used [0x000000077c200000,0x000000077db25500,0x000000077db40000)
}

